[2026-02-18T00:14:36.500296] ==================================================
[2026-02-18T00:14:36.500485] 🚀 Nexus AI Gmail自动接单系统启动
[2026-02-18T00:14:36.500550] ==================================================
[2026-02-18T00:14:36.500599] 🔍 检查新邮件...
[2026-02-18T00:14:40.249568] ✅ 发现 2 封新邮件
[2026-02-18T00:14:58.918156] ==================================================
[2026-02-18T00:14:58.918332] 🚀 Nexus AI Gmail自动接单系统启动
[2026-02-18T00:14:58.918698] ==================================================
[2026-02-18T00:14:58.918756] 🔍 检查新邮件...
[2026-02-18T00:15:02.190581] ✅ 发现 2 封新邮件
[2026-02-18T00:15:02.191323] ⚠️  邮件格式错误: <class 'str'>
[2026-02-18T00:15:02.192226] 💾 订单已保存: #1
[2026-02-18T00:15:02.192551] 📤 准备回复邮件给: 
[2026-02-18T00:15:02.192760]    主题: Re:  - 收到您的邮件 | Email Received
[2026-02-18T00:15:02.192957]    类型: unknown
[2026-02-18T00:15:02.193145] --------------------------------------------------
[2026-02-18T00:15:02.193337] ⚠️  邮件格式错误: <class 'str'>
[2026-02-18T00:15:02.194031] 💾 订单已保存: #2
[2026-02-18T00:15:02.194187] 📤 准备回复邮件给: 
[2026-02-18T00:15:02.194330]    主题: Re:  - 收到您的邮件 | Email Received
[2026-02-18T00:15:02.194464]    类型: unknown
[2026-02-18T00:15:02.194594] --------------------------------------------------
[2026-02-18T00:15:02.194725] ✅ 处理完成，共处理 2 封邮件
[2026-02-18T00:15:02.194854] ==================================================
[2026-02-18T00:30:25.191754] ==================================================
[2026-02-18T00:30:25.192067] 🚀 Nexus AI Gmail自动接单系统启动
[2026-02-18T00:30:25.192134] ==================================================
[2026-02-18T00:30:25.192189] 🔍 检查新邮件...
[2026-02-18T00:30:27.899287] ✅ 发现 2 封新邮件
[2026-02-18T00:30:27.899986] ⚠️  邮件格式错误: <class 'str'>
[2026-02-18T00:30:27.901292] 💾 订单已保存: #3
[2026-02-18T00:30:27.901541] 📤 准备回复邮件给: 
[2026-02-18T00:30:27.901636]    主题: Re:  - 收到您的邮件 | Email Received
[2026-02-18T00:30:27.901730]    类型: unknown
[2026-02-18T00:30:27.901813] --------------------------------------------------
[2026-02-18T00:30:27.901898] ⚠️  邮件格式错误: <class 'str'>
[2026-02-18T00:30:27.902563] 💾 订单已保存: #4
[2026-02-18T00:30:27.902695] 📤 准备回复邮件给: 
[2026-02-18T00:30:27.902807]    主题: Re:  - 收到您的邮件 | Email Received
[2026-02-18T00:30:27.902912]    类型: unknown
[2026-02-18T00:30:27.903025] --------------------------------------------------
[2026-02-18T00:30:27.903134] ✅ 处理完成，共处理 2 封邮件
[2026-02-18T00:30:27.903234] ==================================================
[2026-02-18T00:44:36.310430] ==================================================
[2026-02-18T00:44:36.310822] 🚀 Nexus AI Gmail自动接单系统启动
[2026-02-18T00:44:36.310914] ==================================================
[2026-02-18T00:44:36.310991] 🔍 检查新邮件...
[2026-02-18T00:44:38.586152] ✅ 发现 2 封新邮件
[2026-02-18T00:44:38.587947] ⚠️  邮件格式错误: <class 'str'>
[2026-02-18T00:44:38.589400] 💾 订单已保存: #5
[2026-02-18T00:44:38.589738] 📤 准备回复邮件给: 
[2026-02-18T00:44:38.589961]    主题: Re:  - 收到您的邮件 | Email Received
[2026-02-18T00:44:38.590096]    类型: unknown
[2026-02-18T00:44:38.590225] --------------------------------------------------
[2026-02-18T00:44:38.590347] ⚠️  邮件格式错误: <class 'str'>
[2026-02-18T00:44:38.591157] 💾 订单已保存: #6
[2026-02-18T00:44:38.591302] 📤 准备回复邮件给: 
[2026-02-18T00:44:38.591387]    主题: Re:  - 收到您的邮件 | Email Received
[2026-02-18T00:44:38.591485]    类型: unknown
[2026-02-18T00:44:38.591585] --------------------------------------------------
[2026-02-18T00:44:38.591684] ✅ 处理完成，共处理 2 封邮件
[2026-02-18T00:44:38.591837] ==================================================
