[2026-02-17T22:16:15.547443] ============================================================
[2026-02-17T22:16:15.547733] 🚀 Nexus AI 自主开发项目启动会议
[2026-02-17T22:16:15.547809] ============================================================
[2026-02-17T22:16:15.547868] 
[2026-02-17T22:16:15.547923] 📋 参会人员:
[2026-02-17T22:16:15.547979]    • CEO (Alex): 首席执行官+HR
[2026-02-17T22:16:15.548033]    • CMO (Sarah): 首席营销官
[2026-02-17T22:16:15.548086]    • CTO (David): 首席技术官
[2026-02-17T22:16:15.548138]    • CFO (Lisa): 首席财务官
[2026-02-17T22:16:15.548189]    • CPO (Michael): 首席产品官
[2026-02-17T22:16:15.548239]    • COO (Emma): 首席运营官
[2026-02-17T22:16:15.548290] 
[2026-02-17T22:16:15.548341] 📊 项目列表:
[2026-02-17T22:16:15.548393]    • [P0] Gmail自动接单系统
[2026-02-17T22:16:15.548443]      预期收入: $10K+/月 | 难度: 中
[2026-02-17T22:16:15.548499]    • [P2] Agent对话箭头/气泡UI
[2026-02-17T22:16:15.548549]      预期收入: 展示价值 | 难度: 中
[2026-02-17T22:16:15.548598]    • [P1] 客户跟进自动化
[2026-02-17T22:16:15.548647]      预期收入: 转化率+30% | 难度: 中
[2026-02-17T22:16:15.548697]    • [P1] 盈利监控面板
[2026-02-17T22:16:15.548746]      预期收入: 决策支持 | 难度: 低
[2026-02-17T22:16:15.548796]    • [P0] 网站上线
[2026-02-17T22:16:15.548845]      预期收入: 品牌曝光 | 难度: 低
[2026-02-17T22:16:15.548894] 
[2026-02-17T22:16:15.548945] 📋 项目分配:
[2026-02-17T22:16:15.548996] 
[2026-02-17T22:16:15.549053]    📁 Gmail自动接单系统
[2026-02-17T22:16:15.549109]       负责人: COO (主) / CTO
[2026-02-17T22:16:15.549179]       优先级: P0 | 预期: $10K+/月
[2026-02-17T22:16:15.549236] 
[2026-02-17T22:16:15.549287]    📁 网站上线
[2026-02-17T22:16:15.549338]       负责人: CTO (主) / CMO
[2026-02-17T22:16:15.549388]       优先级: P0 | 预期: 品牌曝光
[2026-02-17T22:16:15.549437] 
[2026-02-17T22:16:15.549487]    📁 盈利监控面板
[2026-02-17T22:16:15.549538]       负责人: CFO (主) / CTO
[2026-02-17T22:16:15.549593]       优先级: P1 | 预期: 决策支持
[2026-02-17T22:16:15.549642] 
[2026-02-17T22:16:15.549693]    📁 客户跟进自动化
[2026-02-17T22:16:15.549750]       负责人: COO (主) / CMO
[2026-02-17T22:16:15.549822]       优先级: P1 | 预期: 转化率+30%
[2026-02-17T22:16:15.549883] 
[2026-02-17T22:16:15.549943]    📁 Agent对话箭头/气泡UI
[2026-02-17T22:16:15.550002]       负责人: CPO (主) / CTO
[2026-02-17T22:16:15.550058]       优先级: P2 | 预期: 展示价值
[2026-02-17T22:16:15.550112] 
[2026-02-17T22:16:15.550162] 📅 执行计划:
[2026-02-17T22:16:15.550212] 
[2026-02-17T22:16:15.550263]    Phase 1: 项目规划 (Day 1)
[2026-02-17T22:16:15.550317]       • 技术评估
[2026-02-17T22:16:15.550367]       • 预算制定
[2026-02-17T22:16:15.550417]       • 需求分析
[2026-02-17T22:16:15.550478] 
[2026-02-17T22:16:15.550542]    Phase 2: 并行开发 (Week 1-2)
[2026-02-17T22:16:15.550596]       • 代码开发
[2026-02-17T22:16:15.550647]       • 功能实现
[2026-02-17T22:16:15.550701]       • 单元测试
[2026-02-17T22:16:15.550750] 
[2026-02-17T22:16:15.550799]    Phase 3: 测试上线 (Week 2-3)
[2026-02-17T22:16:15.550849]       • 集成测试
[2026-02-17T22:16:15.550903]       • 上线部署
[2026-02-17T22:16:15.550951]       • 监控配置
[2026-02-17T22:16:15.551001] 
[2026-02-17T22:16:15.551050]    Phase 4: 运营优化 (Ongoing)
[2026-02-17T22:16:15.551099]       • 监控运行
[2026-02-17T22:16:15.551148]       • 收集反馈
[2026-02-17T22:16:15.551198]       • 持续优化
[2026-02-17T22:16:15.551247] 
[2026-02-17T22:16:15.551587] 💾 项目状态已保存: /Users/yueqingsong/.openclaw/workspace/company_system/project_status.json
[2026-02-17T22:16:15.551647] 
[2026-02-17T22:16:15.551698] ============================================================
[2026-02-17T22:16:15.551748] ✅ 启动完成！进入自主执行模式
[2026-02-17T22:16:15.551833] ============================================================
[2026-02-17T22:16:15.551886] 
[2026-02-17T22:16:15.551939] 🎯 各Agent任务:
[2026-02-17T22:16:15.551992] 
[2026-02-17T22:16:15.552046]    CEO (Alex):
[2026-02-17T22:16:15.552101]       • 监督整体进度
[2026-02-17T22:16:15.552156]       • 协调各Agent
[2026-02-17T22:16:15.552209]       • 审批关键决策
[2026-02-17T22:16:15.552263] 
[2026-02-17T22:16:15.552316]    CMO (Sarah):
[2026-02-17T22:16:15.552370]       • 制定营销策略
[2026-02-17T22:16:15.552424]       • 优化X自动发帖
[2026-02-17T22:16:15.552477]       • 准备客户案例
[2026-02-17T22:16:15.552530] 
[2026-02-17T22:16:15.552582]    CTO (David):
[2026-02-17T22:16:15.552635]       • 开发Gmail系统
[2026-02-17T22:16:15.552687]       • 部署网站
[2026-02-17T22:16:15.552739]       • 实现监控面板
[2026-02-17T22:16:15.552791] 
[2026-02-17T22:16:15.552845]    CFO (Lisa):
[2026-02-17T22:16:15.552899]       • 制定报价策略
[2026-02-17T22:16:15.552952]       • 开发盈利面板
[2026-02-17T22:16:15.553003]       • 监控财务状况
[2026-02-17T22:16:15.553063] 
[2026-02-17T22:16:15.553123]    CPO (Michael):
[2026-02-17T22:16:15.553182]       • 设计对话UI
[2026-02-17T22:16:15.553255]       • 优化用户体验
[2026-02-17T22:16:15.553312]       • 产品文档
[2026-02-17T22:16:15.553371] 
[2026-02-17T22:16:15.553432]    COO (Emma):
[2026-02-17T22:16:15.553497]       • 开发跟进系统
[2026-02-17T22:16:15.553561]       • 配置Gmail监控
[2026-02-17T22:16:15.553619]       • 客户管理
[2026-02-17T22:16:15.553690] 
[2026-02-17T22:16:15.553749] ⚠️  重要提醒:
[2026-02-17T22:16:15.553811]    • 这是最后一个人工指令
[2026-02-17T22:16:15.553864]    • 之后完全自主执行
[2026-02-17T22:16:15.553933]    • 遇到问题自主解决
[2026-02-17T22:16:15.553987]    • 每日自动同步进度
[2026-02-17T22:16:15.554049] 
[2026-02-17T22:16:15.554108] 🚀 Nexus AI 开始自主盈利之旅！
[2026-02-17T22:16:15.554175] 
